\BOOKMARK [-1][]{thuchapter.1.-1}{\376\377\134\017\127\213\116\377\165\037\215\363\215\303\156\321\177\324\217\320\122\250\210\305\177\156}{}% 1
\BOOKMARK [0][]{thuchapter.2.0}{\376\377\116\055\145\207\144\130\211\201}{thuchapter.1.-1}% 2
\BOOKMARK [0][]{thuchapter.3.0}{\376\377\000A\000B\000S\000T\000R\000A\000C\000T}{thuchapter.1.-1}% 3
\BOOKMARK [0][]{thuchapter.4.0}{\376\377\166\356\137\125}{thuchapter.1.-1}% 4
\BOOKMARK [0][]{thuchapter.5.0}{\376\377\116\073\211\201\173\046\123\367\133\371\161\147\210\150}{thuchapter.1.-1}% 5
\BOOKMARK [0][]{chapter.1}{\376\377\173\054\0001\172\340\000\040\137\025\212\000}{thuchapter.1.-1}% 6
\BOOKMARK [1][-]{section.1.1}{\376\377\0001\000.\0001\000\040\170\024\172\166\200\314\146\157}{chapter.1}% 7
\BOOKMARK [1][-]{section.1.2}{\376\377\0001\000.\0002\000\040\166\370\121\163\170\024\172\166}{chapter.1}% 8
\BOOKMARK [2][-]{subsection.1.2.1}{\376\377\0001\000.\0002\000.\0001\000\040\000S\000a\000l\000t\000o}{section.1.2}% 9
\BOOKMARK [2][-]{subsection.1.2.2}{\376\377\0001\000.\0002\000.\0002\000\040\000M\000u\000l\000t\000i\000m\000o\000-\000b\000a\000t}{section.1.2}% 10
\BOOKMARK [2][-]{subsection.1.2.3}{\376\377\0001\000.\0002\000.\0003\000\040\000E\000P\000F\000L\000\040\000J\000u\000m\000p\000g\000l\000i\000d\000e\000r}{section.1.2}% 11
\BOOKMARK [0][]{chapter.2}{\376\377\173\054\0002\172\340\000\040\145\164\117\123\213\276\213\241}{thuchapter.1.-1}% 12
\BOOKMARK [1][-]{section.2.1}{\376\377\0002\000.\0001\000\040\164\006\213\272\213\241\173\227}{chapter.2}% 13
\BOOKMARK [1][-]{section.2.2}{\376\377\0002\000.\0002\000\040\121\103\116\366\220\011\127\213}{chapter.2}% 14
\BOOKMARK [1][-]{section.2.3}{\376\377\0002\000.\0003\000\040\147\072\150\260\213\276\213\241}{chapter.2}% 15
\BOOKMARK [2][-]{subsection.2.3.1}{\376\377\0002\000.\0003\000.\0001\000\040\121\317\220\037\126\150\213\276\213\241}{section.2.3}% 16
\BOOKMARK [2][-]{subsection.2.3.2}{\376\377\0002\000.\0003\000.\0002\000\040\201\177\220\350\213\276\213\241}{section.2.3}% 17
\BOOKMARK [2][-]{subsection.2.3.3}{\376\377\0002\000.\0003\000.\0003\000\040\147\072\177\374\213\276\213\241}{section.2.3}% 18
\BOOKMARK [2][-]{subsection.2.3.4}{\376\377\0002\000.\0003\000.\0004\000\040\147\072\216\253\213\276\213\241}{section.2.3}% 19
\BOOKMARK [2][-]{subsection.2.3.5}{\376\377\0002\000.\0003\000.\0005\000\040\170\301\122\251\122\233\210\305\177\156}{section.2.3}% 20
\BOOKMARK [2][-]{subsection.2.3.6}{\376\377\0002\000.\0003\000.\0006\000\040\145\164\117\123\210\305\221\115\126\376}{section.2.3}% 21
\BOOKMARK [1][-]{section.2.4}{\376\377\0002\000.\0004\000\040\135\114\121\145\137\017\174\373\176\337}{chapter.2}% 22
\BOOKMARK [2][-]{subsection.2.4.1}{\376\377\0002\000.\0004\000.\0001\000\040\143\247\122\066\173\227\154\325}{section.2.4}% 23
\BOOKMARK [2][-]{subsection.2.4.2}{\376\377\0002\000.\0004\000.\0002\000\040\116\062\123\343\220\032\117\341\123\117\213\256}{section.2.4}% 24
\BOOKMARK [2][-]{subsection.2.4.3}{\376\377\0002\000.\0004\000.\0003\000\040\220\032\117\341\174\373\176\337}{section.2.4}% 25
\BOOKMARK [0][]{chapter.3}{\376\377\173\054\0003\172\340\000\040\122\066\220\040\377\014\176\304\210\305\116\016\155\113\213\325}{thuchapter.1.-1}% 26
\BOOKMARK [1][-]{section.3.1}{\376\377\0003\000.\0001\000\040\122\066\220\040\116\016\176\304\210\305}{chapter.3}% 27
\BOOKMARK [1][-]{section.3.2}{\376\377\0003\000.\0002\000\040\165\065\147\072\155\113\213\325}{chapter.3}% 28
\BOOKMARK [1][-]{section.3.3}{\376\377\0003\000.\0003\000\040\147\072\177\374\155\113\213\325}{chapter.3}% 29
\BOOKMARK [1][-]{section.3.4}{\376\377\0003\000.\0004\000\040\215\363\215\303\155\113\213\325}{chapter.3}% 30
\BOOKMARK [0][]{chapter.4}{\376\377\173\054\0004\172\340\000\040\230\171\166\356\140\073\176\323}{thuchapter.1.-1}% 31
\BOOKMARK [0][]{section*.64}{\376\377\143\322\126\376\175\042\137\025}{thuchapter.1.-1}% 32
\BOOKMARK [0][]{section*.66}{\376\377\210\150\150\074\175\042\137\025}{thuchapter.1.-1}% 33
\BOOKMARK [0][]{section*.68}{\376\377\121\154\137\017\175\042\137\025}{thuchapter.1.-1}% 34
\BOOKMARK [0][]{section*.70}{\376\377\123\302\200\003\145\207\163\056}{thuchapter.1.-1}% 35
\BOOKMARK [0][]{section*.72}{\376\377\201\364\214\042}{thuchapter.1.-1}% 36
\BOOKMARK [0][]{section*.74}{\376\377\130\360\146\016}{thuchapter.1.-1}% 37
\BOOKMARK [0][]{appendix.A}{\376\377\226\104\137\125\000\040\000A\000\040\131\026\145\207\215\104\145\231\166\204\116\146\227\142\177\373\213\321}{thuchapter.1.-1}% 38
\BOOKMARK [1][-]{section.A.1}{\376\377\000A\000.\0001\000\040\000S\000a\000l\000t\000o\000-\0001\000P\166\204\147\201\226\120\122\240\220\037\136\246\000\050\0001\0004\000\040\000g\000\051\221\315\131\015\172\172\225\364\215\363\215\303}{appendix.A}% 39
\BOOKMARK [2][-]{subsection.A.1.1}{\376\377\000A\000.\0001\000.\0001\000\040\137\025\212\000}{section.A.1}% 40
\BOOKMARK [2][-]{subsection.A.1.2}{\376\377\000A\000.\0001\000.\0002\000\040\133\236\232\214\145\271\154\325}{section.A.1}% 41
\BOOKMARK [2][-]{subsection.A.1.3}{\376\377\000A\000.\0001\000.\0003\000\040\133\236\232\214\176\323\147\234}{section.A.1}% 42
\BOOKMARK [2][-]{subsection.A.1.4}{\376\377\000A\000.\0001\000.\0004\000\040\176\323\213\272\116\016\134\125\147\033}{section.A.1}% 43
