This is XeTeX, Version 3.14159265-2.6-0.999992 (TeX Live 2020) (preloaded format=xelatex 2020.5.13)  22 MAY 2020 12:31
entering extended mode
 restricted \write18 enabled.
 file:line:error style messages enabled.
 %&-line parsing enabled.
**thusetup.tex
(./thusetup.tex
LaTeX2e <2020-02-02> patch level 5
L3 programming layer <2020-03-06>
./thusetup.tex:5: Undefined control sequence.
l.5 \thusetup
             { 
Here is how much of TeX's memory you used:
 15 strings out of 479418
 301 string characters out of 5884585
 245340 words of memory out of 5000000
 17635 multiletter control sequences out of 15000+600000
 532338 words of font info for 24 fonts, out of 8000000 for 9000
 1348 hyphenation exceptions out of 8191
 12i,0n,15p,69b,8s stack positions out of 5000i,500n,10000p,200000b,80000s

No pages of output.
